--------------- Rebuild Started: 01/26/2026 00:22:21 Project: AMA_EOS_Lab_3, Configuration: ARM GCC 5.4-2016-q2-update Debug ---------------
Deleting file ".\CortexM3\ARM_GCC_541\Debug\main.o"
Deleting file ".\CortexM3\ARM_GCC_541\Debug\led.o"
Deleting file ".\CortexM3\ARM_GCC_541\Debug\seven.o"
Deleting file ".\CortexM3\ARM_GCC_541\Debug\button.o"
Deleting file ".\CortexM3\ARM_GCC_541\Debug\tft.o"
Deleting file ".\CortexM3\ARM_GCC_541\Debug\logging.o"
Deleting file ".\CortexM3\ARM_GCC_541\Debug\message.o"
Deleting file ".\CortexM3\ARM_GCC_541\Debug\parser.o"
Deleting file ".\CortexM3\ARM_GCC_541\Debug\drawer.o"
Deleting file ".\CortexM3\ARM_GCC_541\Debug\cyfitter_cfg.o"
Deleting file ".\CortexM3\ARM_GCC_541\Debug\cymetadata.o"
Deleting file ".\CortexM3\ARM_GCC_541\Debug\RGB_B.o"
Deleting file ".\CortexM3\ARM_GCC_541\Debug\SEVEN_Reg.o"
Deleting file ".\CortexM3\ARM_GCC_541\Debug\SEVEN_Reg_PM.o"
Deleting file ".\CortexM3\ARM_GCC_541\Debug\SEVEN_DP.o"
Deleting file ".\CortexM3\ARM_GCC_541\Debug\SEVEN_G.o"
Deleting file ".\CortexM3\ARM_GCC_541\Debug\SEVEN_F.o"
Deleting file ".\CortexM3\ARM_GCC_541\Debug\SEVEN_E.o"
Deleting file ".\CortexM3\ARM_GCC_541\Debug\SEVEN_D.o"
Deleting file ".\CortexM3\ARM_GCC_541\Debug\SEVEN_C.o"
Deleting file ".\CortexM3\ARM_GCC_541\Debug\SEVEN_B.o"
Deleting file ".\CortexM3\ARM_GCC_541\Debug\SEVEN_A.o"
Deleting file ".\CortexM3\ARM_GCC_541\Debug\SEVEN_SELECT.o"
Deleting file ".\CortexM3\ARM_GCC_541\Debug\BUTTON_1.o"
Deleting file ".\CortexM3\ARM_GCC_541\Debug\BUTTON_2.o"
Deleting file ".\CortexM3\ARM_GCC_541\Debug\BUTTON_4.o"
Deleting file ".\CortexM3\ARM_GCC_541\Debug\BUTTON_3.o"
Deleting file ".\CortexM3\ARM_GCC_541\Debug\isr_Button_Pressed.o"
Deleting file ".\CortexM3\ARM_GCC_541\Debug\PWM_Clock.o"
Deleting file ".\CortexM3\ARM_GCC_541\Debug\RGB_R.o"
Deleting file ".\CortexM3\ARM_GCC_541\Debug\RGB_G.o"
Deleting file ".\CortexM3\ARM_GCC_541\Debug\UART_LOG.o"
Deleting file ".\CortexM3\ARM_GCC_541\Debug\UART_LOG_PM.o"
Deleting file ".\CortexM3\ARM_GCC_541\Debug\UART_LOG_INT.o"
Deleting file ".\CortexM3\ARM_GCC_541\Debug\UART_LOG_BOOT.o"
Deleting file ".\CortexM3\ARM_GCC_541\Debug\RGB_PWM_green.o"
Deleting file ".\CortexM3\ARM_GCC_541\Debug\RGB_PWM_green_PM.o"
Deleting file ".\CortexM3\ARM_GCC_541\Debug\RGB_PWM_blue.o"
Deleting file ".\CortexM3\ARM_GCC_541\Debug\RGB_PWM_blue_PM.o"
Deleting file ".\CortexM3\ARM_GCC_541\Debug\RGB_PWM_red.o"
Deleting file ".\CortexM3\ARM_GCC_541\Debug\RGB_PWM_red_PM.o"
Deleting file ".\CortexM3\ARM_GCC_541\Debug\LED_GREEN.o"
Deleting file ".\CortexM3\ARM_GCC_541\Debug\LED_YELLOW.o"
Deleting file ".\CortexM3\ARM_GCC_541\Debug\LED_RED.o"
Deleting file ".\CortexM3\ARM_GCC_541\Debug\PWM_green.o"
Deleting file ".\CortexM3\ARM_GCC_541\Debug\PWM_green_PM.o"
Deleting file ".\CortexM3\ARM_GCC_541\Debug\PWM_red.o"
Deleting file ".\CortexM3\ARM_GCC_541\Debug\PWM_red_PM.o"
Deleting file ".\CortexM3\ARM_GCC_541\Debug\PWM_yellow.o"
Deleting file ".\CortexM3\ARM_GCC_541\Debug\PWM_yellow_PM.o"
Deleting file ".\CortexM3\ARM_GCC_541\Debug\UART_LOG_IntClock.o"
Deleting file ".\CortexM3\ARM_GCC_541\Debug\Cm3Start.o"
Deleting file ".\CortexM3\ARM_GCC_541\Debug\CyBootAsmGnu.o"
Deleting file ".\CortexM3\ARM_GCC_541\Debug\CyDmac.o"
Deleting file ".\CortexM3\ARM_GCC_541\Debug\CyFlash.o"
Deleting file ".\CortexM3\ARM_GCC_541\Debug\CyLib.o"
Deleting file ".\CortexM3\ARM_GCC_541\Debug\cyPm.o"
Deleting file ".\CortexM3\ARM_GCC_541\Debug\CySpc.o"
Deleting file ".\CortexM3\ARM_GCC_541\Debug\cyutils.o"
Deleting file ".\CortexM3\ARM_GCC_541\Debug\cy_em_eeprom.o"
Deleting file ".\CortexM3\ARM_GCC_541\Debug\TFT_SPI.o"
Deleting file ".\CortexM3\ARM_GCC_541\Debug\TFT_SPI_PM.o"
Deleting file ".\CortexM3\ARM_GCC_541\Debug\TFT_SPI_INT.o"
Deleting file ".\CortexM3\ARM_GCC_541\Debug\TFT_CS.o"
Deleting file ".\CortexM3\ARM_GCC_541\Debug\TFT_DC.o"
Deleting file ".\CortexM3\ARM_GCC_541\Debug\TFT_RES.o"
Deleting file ".\CortexM3\ARM_GCC_541\Debug\Clock_1.o"
Deleting file ".\CortexM3\ARM_GCC_541\Debug\TFT_BackLight.o"
Deleting file ".\CortexM3\ARM_GCC_541\Debug\TFT_BackLight_PM.o"
Deleting file ".\CortexM3\ARM_GCC_541\Debug\wTFT_SDA.o"
Deleting file ".\CortexM3\ARM_GCC_541\Debug\wTFT_SCL.o"
Deleting file ".\CortexM3\ARM_GCC_541\Debug\wTFT_LED.o"
Deleting file ".\CortexM3\ARM_GCC_541\Debug\isr_uartRx.o"
Deleting file ".\CortexM3\ARM_GCC_541\Debug\AMA_EOS_Lab_3.map"
Deleting file ".\AMA_EOS_Lab_3.cycdx"
Deleting file ".\AMA_EOS_Lab_3.svd"
Deleting file ".\AMA_EOS_Lab_3.rpt"
Deleting file ".\AMA_EOS_Lab_3_timing.html"
Deleting file ".\CortexM3\ARM_GCC_541\Debug\.deps\SOURCE_C__ARM_GCC_GENERIC.P"
Deleting file ".\CortexM3\ARM_GCC_541\Debug\.deps\SOURCE_ASM__ARM_GCC_GENERIC.P"
cydsfit.exe -.appdatapath "C:\Users\agraw\AppData\Local\Cypress Semiconductor\PSoC Creator\4.4" -.fdsnotice -.fdswarpdepfile=warp_dependencies.txt -.fdselabdepfile=elab_dependencies.txt -.fdsbldfile=generated_files.txt -.fdsreffile=referenced_files.txt -p D:\AMA_EOS\Lab_Assignments\Assignment03\AMA_EOS_Lab_3\AMA_EOS_Lab_3.cydsn\AMA_EOS_Lab_3.cyprj -d CY8C5888LTI-LP097 -s D:\AMA_EOS\Lab_Assignments\Assignment03\AMA_EOS_Lab_3\AMA_EOS_Lab_3.cydsn\Generated_Source\PSoC5 -- -yv2 -q10 -ygs -o2 -v3 -.fftcfgtype=LE
Elaborating Design...
HDL Generation...
Synthesis...
Tech Mapping...
Analog Placement...
Analog Routing...
Analog Code Generation...
Digital Placement...
Digital Routing...
Bitstream Generation...
Bitstream Verification...
Static timing analysis...
API Generation...
Dependency Generation...
Cleanup...
arm-none-eabi-gcc.exe -mcpu=cortex-m3 -mthumb -I.\source\bsw -I.\source\asw -I.\source\bsw\labboard -I.\source\bsw\tft\fonts -I.\source\bsw\tft -I.\source\bsw\services -I.\source\bsw\msg -I. -IGenerated_Source\PSoC5 -Wa,-alh=.\CortexM3\ARM_GCC_541\Debug/main.lst -g -D DEBUG -D CY_CORE_ID=0 -D JSMN_STATIC -Wall -ffunction-sections -ffat-lto-objects -Og -c source\asw\main.c -o .\CortexM3\ARM_GCC_541\Debug\main.o
arm-none-eabi-gcc.exe -mcpu=cortex-m3 -mthumb -I.\source\bsw -I.\source\asw -I.\source\bsw\labboard -I.\source\bsw\tft\fonts -I.\source\bsw\tft -I.\source\bsw\services -I.\source\bsw\msg -I. -IGenerated_Source\PSoC5 -Wa,-alh=.\CortexM3\ARM_GCC_541\Debug/led.lst -g -D DEBUG -D CY_CORE_ID=0 -D JSMN_STATIC -Wall -ffunction-sections -ffat-lto-objects -Og -c source\bsw\labboard\led.c -o .\CortexM3\ARM_GCC_541\Debug\led.o
arm-none-eabi-gcc.exe -mcpu=cortex-m3 -mthumb -I.\source\bsw -I.\source\asw -I.\source\bsw\labboard -I.\source\bsw\tft\fonts -I.\source\bsw\tft -I.\source\bsw\services -I.\source\bsw\msg -I. -IGenerated_Source\PSoC5 -Wa,-alh=.\CortexM3\ARM_GCC_541\Debug/seven.lst -g -D DEBUG -D CY_CORE_ID=0 -D JSMN_STATIC -Wall -ffunction-sections -ffat-lto-objects -Og -c source\bsw\labboard\seven.c -o .\CortexM3\ARM_GCC_541\Debug\seven.o
arm-none-eabi-gcc.exe -mcpu=cortex-m3 -mthumb -I.\source\bsw -I.\source\asw -I.\source\bsw\labboard -I.\source\bsw\tft\fonts -I.\source\bsw\tft -I.\source\bsw\services -I.\source\bsw\msg -I. -IGenerated_Source\PSoC5 -Wa,-alh=.\CortexM3\ARM_GCC_541\Debug/button.lst -g -D DEBUG -D CY_CORE_ID=0 -D JSMN_STATIC -Wall -ffunction-sections -ffat-lto-objects -Og -c source\bsw\labboard\button.c -o .\CortexM3\ARM_GCC_541\Debug\button.o
In file included from Generated_Source\PSoC5/cyfitter_cfg.h:20:0,
                 from Generated_Source\PSoC5/project.h:17,
                 from source\bsw\labboard\button.h:79,
                 from source\bsw\labboard\button.c:23:
Generated_Source\PSoC5/cytypes.h:1377:0: warning: "LO8" redefined
 #define LO8(x)                  ((uint8) ((x) & 0xFFu))
 ^
In file included from source\bsw\labboard\button.h:78:0,
                 from source\bsw\labboard\button.c:23:
.\source\bsw/global.h:306:0: note: this is the location of the previous definition
  # define LO8(x)   ((uint8_t) ((x) & 0xFFu))
 ^
In file included from Generated_Source\PSoC5/cyfitter_cfg.h:20:0,
                 from Generated_Source\PSoC5/project.h:17,
                 from source\bsw\labboard\button.h:79,
                 from source\bsw\labboard\button.c:23:
Generated_Source\PSoC5/cytypes.h:1378:0: warning: "HI8" redefined
 #define HI8(x)                  ((uint8) ((uint16)(x) >> 8))
 ^
In file included from source\bsw\labboard\button.h:78:0,
                 from source\bsw\labboard\button.c:23:
.\source\bsw/global.h:311:0: note: this is the location of the previous definition
  # define HI8(x)   ((uint8_t) ((uint16_t)(x) >> 8))
 ^
In file included from Generated_Source\PSoC5/cyfitter_cfg.h:20:0,
                 from Generated_Source\PSoC5/project.h:17,
                 from source\bsw\labboard\button.h:79,
                 from source\bsw\labboard\button.c:23:
Generated_Source\PSoC5/cytypes.h:1381:0: warning: "LO16" redefined
 #define LO16(x)                 ((uint16) ((x) & 0xFFFFu))
 ^
In file included from source\bsw\labboard\button.h:78:0,
                 from source\bsw\labboard\button.c:23:
.\source\bsw/global.h:316:0: note: this is the location of the previous definition
  # define LO16(x)   ((uint16_t) ((x) & 0xFFFFu))
 ^
In file included from Generated_Source\PSoC5/cyfitter_cfg.h:20:0,
                 from Generated_Source\PSoC5/project.h:17,
                 from source\bsw\labboard\button.h:79,
                 from source\bsw\labboard\button.c:23:
Generated_Source\PSoC5/cytypes.h:1382:0: warning: "HI16" redefined
 #define HI16(x)                 ((uint16) ((uint32)(x) >> 16))
 ^
In file included from source\bsw\labboard\button.h:78:0,
                 from source\bsw\labboard\button.c:23:
.\source\bsw/global.h:321:0: note: this is the location of the previous definition
  # define HI16(x)   ((uint16_t) ((uint32_t)(x) >> 16))
 ^
arm-none-eabi-gcc.exe -mcpu=cortex-m3 -mthumb -I.\source\bsw -I.\source\asw -I.\source\bsw\labboard -I.\source\bsw\tft\fonts -I.\source\bsw\tft -I.\source\bsw\services -I.\source\bsw\msg -I. -IGenerated_Source\PSoC5 -Wa,-alh=.\CortexM3\ARM_GCC_541\Debug/tft.lst -g -D DEBUG -D CY_CORE_ID=0 -D JSMN_STATIC -Wall -ffunction-sections -ffat-lto-objects -Og -c "..\..\..\..\PSOC Components and Templates\Code Templates\bsw\tft\tft\tft.c" -o .\CortexM3\ARM_GCC_541\Debug\tft.o
In file included from Generated_Source\PSoC5/cyfitter_cfg.h:20:0,
                 from Generated_Source\PSoC5/project.h:17,
                 from .\source\bsw\services/ringbuffer.h:29,
                 from .\source\bsw\services/logging.h:35,
                 from ..\..\..\..\PSOC Components and Templates\Code Templates\bsw\tft\tft\tft.c:24:
Generated_Source\PSoC5/cytypes.h:1377:0: warning: "LO8" redefined
 #define LO8(x)                  ((uint8) ((x) & 0xFFu))
 ^
In file included from d:\ama_eos\psoc components and templates\code templates\bsw\tft\tft\tft.h:29:0,
                 from ..\..\..\..\PSOC Components and Templates\Code Templates\bsw\tft\tft\tft.c:20:
.\source\bsw/global.h:306:0: note: this is the location of the previous definition
  # define LO8(x)   ((uint8_t) ((x) & 0xFFu))
 ^
In file included from Generated_Source\PSoC5/cyfitter_cfg.h:20:0,
                 from Generated_Source\PSoC5/project.h:17,
                 from .\source\bsw\services/ringbuffer.h:29,
                 from .\source\bsw\services/logging.h:35,
                 from ..\..\..\..\PSOC Components and Templates\Code Templates\bsw\tft\tft\tft.c:24:
Generated_Source\PSoC5/cytypes.h:1378:0: warning: "HI8" redefined
 #define HI8(x)                  ((uint8) ((uint16)(x) >> 8))
 ^
In file included from d:\ama_eos\psoc components and templates\code templates\bsw\tft\tft\tft.h:29:0,
                 from ..\..\..\..\PSOC Components and Templates\Code Templates\bsw\tft\tft\tft.c:20:
.\source\bsw/global.h:311:0: note: this is the location of the previous definition
  # define HI8(x)   ((uint8_t) ((uint16_t)(x) >> 8))
 ^
In file included from Generated_Source\PSoC5/cyfitter_cfg.h:20:0,
                 from Generated_Source\PSoC5/project.h:17,
                 from .\source\bsw\services/ringbuffer.h:29,
                 from .\source\bsw\services/logging.h:35,
                 from ..\..\..\..\PSOC Components and Templates\Code Templates\bsw\tft\tft\tft.c:24:
Generated_Source\PSoC5/cytypes.h:1381:0: warning: "LO16" redefined
 #define LO16(x)                 ((uint16) ((x) & 0xFFFFu))
 ^
In file included from d:\ama_eos\psoc components and templates\code templates\bsw\tft\tft\tft.h:29:0,
                 from ..\..\..\..\PSOC Components and Templates\Code Templates\bsw\tft\tft\tft.c:20:
.\source\bsw/global.h:316:0: note: this is the location of the previous definition
  # define LO16(x)   ((uint16_t) ((x) & 0xFFFFu))
 ^
In file included from Generated_Source\PSoC5/cyfitter_cfg.h:20:0,
                 from Generated_Source\PSoC5/project.h:17,
                 from .\source\bsw\services/ringbuffer.h:29,
                 from .\source\bsw\services/logging.h:35,
                 from ..\..\..\..\PSOC Components and Templates\Code Templates\bsw\tft\tft\tft.c:24:
Generated_Source\PSoC5/cytypes.h:1382:0: warning: "HI16" redefined
 #define HI16(x)                 ((uint16) ((uint32)(x) >> 16))
 ^
In file included from d:\ama_eos\psoc components and templates\code templates\bsw\tft\tft\tft.h:29:0,
                 from ..\..\..\..\PSOC Components and Templates\Code Templates\bsw\tft\tft\tft.c:20:
.\source\bsw/global.h:321:0: note: this is the location of the previous definition
  # define HI16(x)   ((uint16_t) ((uint32_t)(x) >> 16))
 ^
In file included from .\source\bsw\services/logging.h:35:0,
                 from ..\..\..\..\PSOC Components and Templates\Code Templates\bsw\tft\tft\tft.c:24:
.\source\bsw\services/ringbuffer.h: In function 'Ringbuffer_Write':
.\source\bsw\services/ringbuffer.h:78:9: warning: implicit declaration of function 'GetResource' [-Wimplicit-function-declaration]
         GetResource(rb->erika_ressource);
         ^
.\source\bsw\services/ringbuffer.h:84:9: warning: implicit declaration of function 'ReleaseResource' [-Wimplicit-function-declaration]
         ReleaseResource(rb->erika_ressource);
         ^
arm-none-eabi-gcc.exe -mcpu=cortex-m3 -mthumb -I.\source\bsw -I.\source\asw -I.\source\bsw\labboard -I.\source\bsw\tft\fonts -I.\source\bsw\tft -I.\source\bsw\services -I.\source\bsw\msg -I. -IGenerated_Source\PSoC5 -Wa,-alh=.\CortexM3\ARM_GCC_541\Debug/logging.lst -g -D DEBUG -D CY_CORE_ID=0 -D JSMN_STATIC -Wall -ffunction-sections -ffat-lto-objects -Og -c source\bsw\services\logging.c -o .\CortexM3\ARM_GCC_541\Debug\logging.o
In file included from source\bsw\services\logging.h:35:0,
                 from source\bsw\services\logging.c:22:
source\bsw\services\ringbuffer.h: In function 'Ringbuffer_Write':
source\bsw\services\ringbuffer.h:78:9: warning: implicit declaration of function 'GetResource' [-Wimplicit-function-declaration]
         GetResource(rb->erika_ressource);
         ^
source\bsw\services\ringbuffer.h:84:9: warning: implicit declaration of function 'ReleaseResource' [-Wimplicit-function-declaration]
         ReleaseResource(rb->erika_ressource);
         ^
source\bsw\services\logging.c: In function 'LOG_Init':
source\bsw\services\logging.c:54:1: warning: control reaches end of non-void function [-Wreturn-type]
 }
 ^
arm-none-eabi-gcc.exe -mcpu=cortex-m3 -mthumb -I.\source\bsw -I.\source\asw -I.\source\bsw\labboard -I.\source\bsw\tft\fonts -I.\source\bsw\tft -I.\source\bsw\services -I.\source\bsw\msg -I. -IGenerated_Source\PSoC5 -Wa,-alh=.\CortexM3\ARM_GCC_541\Debug/message.lst -g -D DEBUG -D CY_CORE_ID=0 -D JSMN_STATIC -Wall -ffunction-sections -ffat-lto-objects -Og -c source\bsw\msg\message.c -o .\CortexM3\ARM_GCC_541\Debug\message.o
arm-none-eabi-gcc.exe -mcpu=cortex-m3 -mthumb -I.\source\bsw -I.\source\asw -I.\source\bsw\labboard -I.\source\bsw\tft\fonts -I.\source\bsw\tft -I.\source\bsw\services -I.\source\bsw\msg -I. -IGenerated_Source\PSoC5 -Wa,-alh=.\CortexM3\ARM_GCC_541\Debug/parser.lst -g -D DEBUG -D CY_CORE_ID=0 -D JSMN_STATIC -Wall -ffunction-sections -ffat-lto-objects -Og -c parser.c -o .\CortexM3\ARM_GCC_541\Debug\parser.o
In file included from Generated_Source\PSoC5/cyfitter_cfg.h:20:0,
                 from Generated_Source\PSoC5/project.h:17,
                 from parser.c:14:
Generated_Source\PSoC5/cytypes.h:1377:0: warning: "LO8" redefined
 #define LO8(x)                  ((uint8) ((x) & 0xFFu))
 ^
In file included from .\source\bsw/parser.h:82:0,
                 from parser.c:13:
.\source\bsw/global.h:306:0: note: this is the location of the previous definition
  # define LO8(x)   ((uint8_t) ((x) & 0xFFu))
 ^
In file included from Generated_Source\PSoC5/cyfitter_cfg.h:20:0,
                 from Generated_Source\PSoC5/project.h:17,
                 from parser.c:14:
Generated_Source\PSoC5/cytypes.h:1378:0: warning: "HI8" redefined
 #define HI8(x)                  ((uint8) ((uint16)(x) >> 8))
 ^
In file included from .\source\bsw/parser.h:82:0,
                 from parser.c:13:
.\source\bsw/global.h:311:0: note: this is the location of the previous definition
  # define HI8(x)   ((uint8_t) ((uint16_t)(x) >> 8))
 ^
In file included from Generated_Source\PSoC5/cyfitter_cfg.h:20:0,
                 from Generated_Source\PSoC5/project.h:17,
                 from parser.c:14:
Generated_Source\PSoC5/cytypes.h:1381:0: warning: "LO16" redefined
 #define LO16(x)                 ((uint16) ((x) & 0xFFFFu))
 ^
In file included from .\source\bsw/parser.h:82:0,
                 from parser.c:13:
.\source\bsw/global.h:316:0: note: this is the location of the previous definition
  # define LO16(x)   ((uint16_t) ((x) & 0xFFFFu))
 ^
In file included from Generated_Source\PSoC5/cyfitter_cfg.h:20:0,
                 from Generated_Source\PSoC5/project.h:17,
                 from parser.c:14:
Generated_Source\PSoC5/cytypes.h:1382:0: warning: "HI16" redefined
 #define HI16(x)                 ((uint16) ((uint32)(x) >> 16))
 ^
In file included from .\source\bsw/parser.h:82:0,
                 from parser.c:13:
.\source\bsw/global.h:321:0: note: this is the location of the previous definition
  # define HI16(x)   ((uint16_t) ((uint32_t)(x) >> 16))
 ^
arm-none-eabi-gcc.exe -mcpu=cortex-m3 -mthumb -I.\source\bsw -I.\source\asw -I.\source\bsw\labboard -I.\source\bsw\tft\fonts -I.\source\bsw\tft -I.\source\bsw\services -I.\source\bsw\msg -I. -IGenerated_Source\PSoC5 -Wa,-alh=.\CortexM3\ARM_GCC_541\Debug/drawer.lst -g -D DEBUG -D CY_CORE_ID=0 -D JSMN_STATIC -Wall -ffunction-sections -ffat-lto-objects -Og -c drawer.c -o .\CortexM3\ARM_GCC_541\Debug\drawer.o
arm-none-eabi-gcc.exe -mcpu=cortex-m3 -mthumb -I.\source\bsw -I.\source\asw -I.\source\bsw\labboard -I.\source\bsw\tft\fonts -I.\source\bsw\tft -I.\source\bsw\services -I.\source\bsw\msg -I. -IGenerated_Source\PSoC5 -Wa,-alh=.\CortexM3\ARM_GCC_541\Debug/cyfitter_cfg.lst -g -D DEBUG -D CY_CORE_ID=0 -D JSMN_STATIC -Wall -ffunction-sections -ffat-lto-objects -Og -c Generated_Source\PSoC5\cyfitter_cfg.c -o .\CortexM3\ARM_GCC_541\Debug\cyfitter_cfg.o
arm-none-eabi-gcc.exe -mcpu=cortex-m3 -mthumb -I.\source\bsw -I.\source\asw -I.\source\bsw\labboard -I.\source\bsw\tft\fonts -I.\source\bsw\tft -I.\source\bsw\services -I.\source\bsw\msg -I. -IGenerated_Source\PSoC5 -Wa,-alh=.\CortexM3\ARM_GCC_541\Debug/cymetadata.lst -g -D DEBUG -D CY_CORE_ID=0 -D JSMN_STATIC -Wall -ffunction-sections -ffat-lto-objects -Og -c Generated_Source\PSoC5\cymetadata.c -o .\CortexM3\ARM_GCC_541\Debug\cymetadata.o
arm-none-eabi-gcc.exe -mcpu=cortex-m3 -mthumb -I.\source\bsw -I.\source\asw -I.\source\bsw\labboard -I.\source\bsw\tft\fonts -I.\source\bsw\tft -I.\source\bsw\services -I.\source\bsw\msg -I. -IGenerated_Source\PSoC5 -Wa,-alh=.\CortexM3\ARM_GCC_541\Debug/RGB_B.lst -g -D DEBUG -D CY_CORE_ID=0 -D JSMN_STATIC -Wall -ffunction-sections -ffat-lto-objects -Og -c Generated_Source\PSoC5\RGB_B.c -o .\CortexM3\ARM_GCC_541\Debug\RGB_B.o
arm-none-eabi-gcc.exe -mcpu=cortex-m3 -mthumb -I.\source\bsw -I.\source\asw -I.\source\bsw\labboard -I.\source\bsw\tft\fonts -I.\source\bsw\tft -I.\source\bsw\services -I.\source\bsw\msg -I. -IGenerated_Source\PSoC5 -Wa,-alh=.\CortexM3\ARM_GCC_541\Debug/SEVEN_Reg.lst -g -D DEBUG -D CY_CORE_ID=0 -D JSMN_STATIC -Wall -ffunction-sections -ffat-lto-objects -Og -c Generated_Source\PSoC5\SEVEN_Reg.c -o .\CortexM3\ARM_GCC_541\Debug\SEVEN_Reg.o
arm-none-eabi-gcc.exe -mcpu=cortex-m3 -mthumb -I.\source\bsw -I.\source\asw -I.\source\bsw\labboard -I.\source\bsw\tft\fonts -I.\source\bsw\tft -I.\source\bsw\services -I.\source\bsw\msg -I. -IGenerated_Source\PSoC5 -Wa,-alh=.\CortexM3\ARM_GCC_541\Debug/SEVEN_Reg_PM.lst -g -D DEBUG -D CY_CORE_ID=0 -D JSMN_STATIC -Wall -ffunction-sections -ffat-lto-objects -Og -c Generated_Source\PSoC5\SEVEN_Reg_PM.c -o .\CortexM3\ARM_GCC_541\Debug\SEVEN_Reg_PM.o
arm-none-eabi-gcc.exe -mcpu=cortex-m3 -mthumb -I.\source\bsw -I.\source\asw -I.\source\bsw\labboard -I.\source\bsw\tft\fonts -I.\source\bsw\tft -I.\source\bsw\services -I.\source\bsw\msg -I. -IGenerated_Source\PSoC5 -Wa,-alh=.\CortexM3\ARM_GCC_541\Debug/SEVEN_DP.lst -g -D DEBUG -D CY_CORE_ID=0 -D JSMN_STATIC -Wall -ffunction-sections -ffat-lto-objects -Og -c Generated_Source\PSoC5\SEVEN_DP.c -o .\CortexM3\ARM_GCC_541\Debug\SEVEN_DP.o
arm-none-eabi-gcc.exe -mcpu=cortex-m3 -mthumb -I.\source\bsw -I.\source\asw -I.\source\bsw\labboard -I.\source\bsw\tft\fonts -I.\source\bsw\tft -I.\source\bsw\services -I.\source\bsw\msg -I. -IGenerated_Source\PSoC5 -Wa,-alh=.\CortexM3\ARM_GCC_541\Debug/SEVEN_G.lst -g -D DEBUG -D CY_CORE_ID=0 -D JSMN_STATIC -Wall -ffunction-sections -ffat-lto-objects -Og -c Generated_Source\PSoC5\SEVEN_G.c -o .\CortexM3\ARM_GCC_541\Debug\SEVEN_G.o
arm-none-eabi-gcc.exe -mcpu=cortex-m3 -mthumb -I.\source\bsw -I.\source\asw -I.\source\bsw\labboard -I.\source\bsw\tft\fonts -I.\source\bsw\tft -I.\source\bsw\services -I.\source\bsw\msg -I. -IGenerated_Source\PSoC5 -Wa,-alh=.\CortexM3\ARM_GCC_541\Debug/SEVEN_F.lst -g -D DEBUG -D CY_CORE_ID=0 -D JSMN_STATIC -Wall -ffunction-sections -ffat-lto-objects -Og -c Generated_Source\PSoC5\SEVEN_F.c -o .\CortexM3\ARM_GCC_541\Debug\SEVEN_F.o
arm-none-eabi-gcc.exe -mcpu=cortex-m3 -mthumb -I.\source\bsw -I.\source\asw -I.\source\bsw\labboard -I.\source\bsw\tft\fonts -I.\source\bsw\tft -I.\source\bsw\services -I.\source\bsw\msg -I. -IGenerated_Source\PSoC5 -Wa,-alh=.\CortexM3\ARM_GCC_541\Debug/SEVEN_E.lst -g -D DEBUG -D CY_CORE_ID=0 -D JSMN_STATIC -Wall -ffunction-sections -ffat-lto-objects -Og -c Generated_Source\PSoC5\SEVEN_E.c -o .\CortexM3\ARM_GCC_541\Debug\SEVEN_E.o
arm-none-eabi-gcc.exe -mcpu=cortex-m3 -mthumb -I.\source\bsw -I.\source\asw -I.\source\bsw\labboard -I.\source\bsw\tft\fonts -I.\source\bsw\tft -I.\source\bsw\services -I.\source\bsw\msg -I. -IGenerated_Source\PSoC5 -Wa,-alh=.\CortexM3\ARM_GCC_541\Debug/SEVEN_D.lst -g -D DEBUG -D CY_CORE_ID=0 -D JSMN_STATIC -Wall -ffunction-sections -ffat-lto-objects -Og -c Generated_Source\PSoC5\SEVEN_D.c -o .\CortexM3\ARM_GCC_541\Debug\SEVEN_D.o
arm-none-eabi-gcc.exe -mcpu=cortex-m3 -mthumb -I.\source\bsw -I.\source\asw -I.\source\bsw\labboard -I.\source\bsw\tft\fonts -I.\source\bsw\tft -I.\source\bsw\services -I.\source\bsw\msg -I. -IGenerated_Source\PSoC5 -Wa,-alh=.\CortexM3\ARM_GCC_541\Debug/SEVEN_C.lst -g -D DEBUG -D CY_CORE_ID=0 -D JSMN_STATIC -Wall -ffunction-sections -ffat-lto-objects -Og -c Generated_Source\PSoC5\SEVEN_C.c -o .\CortexM3\ARM_GCC_541\Debug\SEVEN_C.o
arm-none-eabi-gcc.exe -mcpu=cortex-m3 -mthumb -I.\source\bsw -I.\source\asw -I.\source\bsw\labboard -I.\source\bsw\tft\fonts -I.\source\bsw\tft -I.\source\bsw\services -I.\source\bsw\msg -I. -IGenerated_Source\PSoC5 -Wa,-alh=.\CortexM3\ARM_GCC_541\Debug/SEVEN_B.lst -g -D DEBUG -D CY_CORE_ID=0 -D JSMN_STATIC -Wall -ffunction-sections -ffat-lto-objects -Og -c Generated_Source\PSoC5\SEVEN_B.c -o .\CortexM3\ARM_GCC_541\Debug\SEVEN_B.o
arm-none-eabi-gcc.exe -mcpu=cortex-m3 -mthumb -I.\source\bsw -I.\source\asw -I.\source\bsw\labboard -I.\source\bsw\tft\fonts -I.\source\bsw\tft -I.\source\bsw\services -I.\source\bsw\msg -I. -IGenerated_Source\PSoC5 -Wa,-alh=.\CortexM3\ARM_GCC_541\Debug/SEVEN_A.lst -g -D DEBUG -D CY_CORE_ID=0 -D JSMN_STATIC -Wall -ffunction-sections -ffat-lto-objects -Og -c Generated_Source\PSoC5\SEVEN_A.c -o .\CortexM3\ARM_GCC_541\Debug\SEVEN_A.o
arm-none-eabi-gcc.exe -mcpu=cortex-m3 -mthumb -I.\source\bsw -I.\source\asw -I.\source\bsw\labboard -I.\source\bsw\tft\fonts -I.\source\bsw\tft -I.\source\bsw\services -I.\source\bsw\msg -I. -IGenerated_Source\PSoC5 -Wa,-alh=.\CortexM3\ARM_GCC_541\Debug/SEVEN_SELECT.lst -g -D DEBUG -D CY_CORE_ID=0 -D JSMN_STATIC -Wall -ffunction-sections -ffat-lto-objects -Og -c Generated_Source\PSoC5\SEVEN_SELECT.c -o .\CortexM3\ARM_GCC_541\Debug\SEVEN_SELECT.o
arm-none-eabi-gcc.exe -mcpu=cortex-m3 -mthumb -I.\source\bsw -I.\source\asw -I.\source\bsw\labboard -I.\source\bsw\tft\fonts -I.\source\bsw\tft -I.\source\bsw\services -I.\source\bsw\msg -I. -IGenerated_Source\PSoC5 -Wa,-alh=.\CortexM3\ARM_GCC_541\Debug/BUTTON_1.lst -g -D DEBUG -D CY_CORE_ID=0 -D JSMN_STATIC -Wall -ffunction-sections -ffat-lto-objects -Og -c Generated_Source\PSoC5\BUTTON_1.c -o .\CortexM3\ARM_GCC_541\Debug\BUTTON_1.o
arm-none-eabi-gcc.exe -mcpu=cortex-m3 -mthumb -I.\source\bsw -I.\source\asw -I.\source\bsw\labboard -I.\source\bsw\tft\fonts -I.\source\bsw\tft -I.\source\bsw\services -I.\source\bsw\msg -I. -IGenerated_Source\PSoC5 -Wa,-alh=.\CortexM3\ARM_GCC_541\Debug/BUTTON_2.lst -g -D DEBUG -D CY_CORE_ID=0 -D JSMN_STATIC -Wall -ffunction-sections -ffat-lto-objects -Og -c Generated_Source\PSoC5\BUTTON_2.c -o .\CortexM3\ARM_GCC_541\Debug\BUTTON_2.o
arm-none-eabi-gcc.exe -mcpu=cortex-m3 -mthumb -I.\source\bsw -I.\source\asw -I.\source\bsw\labboard -I.\source\bsw\tft\fonts -I.\source\bsw\tft -I.\source\bsw\services -I.\source\bsw\msg -I. -IGenerated_Source\PSoC5 -Wa,-alh=.\CortexM3\ARM_GCC_541\Debug/BUTTON_4.lst -g -D DEBUG -D CY_CORE_ID=0 -D JSMN_STATIC -Wall -ffunction-sections -ffat-lto-objects -Og -c Generated_Source\PSoC5\BUTTON_4.c -o .\CortexM3\ARM_GCC_541\Debug\BUTTON_4.o
arm-none-eabi-gcc.exe -mcpu=cortex-m3 -mthumb -I.\source\bsw -I.\source\asw -I.\source\bsw\labboard -I.\source\bsw\tft\fonts -I.\source\bsw\tft -I.\source\bsw\services -I.\source\bsw\msg -I. -IGenerated_Source\PSoC5 -Wa,-alh=.\CortexM3\ARM_GCC_541\Debug/BUTTON_3.lst -g -D DEBUG -D CY_CORE_ID=0 -D JSMN_STATIC -Wall -ffunction-sections -ffat-lto-objects -Og -c Generated_Source\PSoC5\BUTTON_3.c -o .\CortexM3\ARM_GCC_541\Debug\BUTTON_3.o
arm-none-eabi-gcc.exe -mcpu=cortex-m3 -mthumb -I.\source\bsw -I.\source\asw -I.\source\bsw\labboard -I.\source\bsw\tft\fonts -I.\source\bsw\tft -I.\source\bsw\services -I.\source\bsw\msg -I. -IGenerated_Source\PSoC5 -Wa,-alh=.\CortexM3\ARM_GCC_541\Debug/isr_Button_Pressed.lst -g -D DEBUG -D CY_CORE_ID=0 -D JSMN_STATIC -Wall -ffunction-sections -ffat-lto-objects -Og -c Generated_Source\PSoC5\isr_Button_Pressed.c -o .\CortexM3\ARM_GCC_541\Debug\isr_Button_Pressed.o
arm-none-eabi-gcc.exe -mcpu=cortex-m3 -mthumb -I.\source\bsw -I.\source\asw -I.\source\bsw\labboard -I.\source\bsw\tft\fonts -I.\source\bsw\tft -I.\source\bsw\services -I.\source\bsw\msg -I. -IGenerated_Source\PSoC5 -Wa,-alh=.\CortexM3\ARM_GCC_541\Debug/PWM_Clock.lst -g -D DEBUG -D CY_CORE_ID=0 -D JSMN_STATIC -Wall -ffunction-sections -ffat-lto-objects -Og -c Generated_Source\PSoC5\PWM_Clock.c -o .\CortexM3\ARM_GCC_541\Debug\PWM_Clock.o
arm-none-eabi-gcc.exe -mcpu=cortex-m3 -mthumb -I.\source\bsw -I.\source\asw -I.\source\bsw\labboard -I.\source\bsw\tft\fonts -I.\source\bsw\tft -I.\source\bsw\services -I.\source\bsw\msg -I. -IGenerated_Source\PSoC5 -Wa,-alh=.\CortexM3\ARM_GCC_541\Debug/RGB_R.lst -g -D DEBUG -D CY_CORE_ID=0 -D JSMN_STATIC -Wall -ffunction-sections -ffat-lto-objects -Og -c Generated_Source\PSoC5\RGB_R.c -o .\CortexM3\ARM_GCC_541\Debug\RGB_R.o
arm-none-eabi-gcc.exe -mcpu=cortex-m3 -mthumb -I.\source\bsw -I.\source\asw -I.\source\bsw\labboard -I.\source\bsw\tft\fonts -I.\source\bsw\tft -I.\source\bsw\services -I.\source\bsw\msg -I. -IGenerated_Source\PSoC5 -Wa,-alh=.\CortexM3\ARM_GCC_541\Debug/RGB_G.lst -g -D DEBUG -D CY_CORE_ID=0 -D JSMN_STATIC -Wall -ffunction-sections -ffat-lto-objects -Og -c Generated_Source\PSoC5\RGB_G.c -o .\CortexM3\ARM_GCC_541\Debug\RGB_G.o
arm-none-eabi-gcc.exe -mcpu=cortex-m3 -mthumb -I.\source\bsw -I.\source\asw -I.\source\bsw\labboard -I.\source\bsw\tft\fonts -I.\source\bsw\tft -I.\source\bsw\services -I.\source\bsw\msg -I. -IGenerated_Source\PSoC5 -Wa,-alh=.\CortexM3\ARM_GCC_541\Debug/UART_LOG.lst -g -D DEBUG -D CY_CORE_ID=0 -D JSMN_STATIC -Wall -ffunction-sections -ffat-lto-objects -Og -c Generated_Source\PSoC5\UART_LOG.c -o .\CortexM3\ARM_GCC_541\Debug\UART_LOG.o
arm-none-eabi-gcc.exe -mcpu=cortex-m3 -mthumb -I.\source\bsw -I.\source\asw -I.\source\bsw\labboard -I.\source\bsw\tft\fonts -I.\source\bsw\tft -I.\source\bsw\services -I.\source\bsw\msg -I. -IGenerated_Source\PSoC5 -Wa,-alh=.\CortexM3\ARM_GCC_541\Debug/UART_LOG_PM.lst -g -D DEBUG -D CY_CORE_ID=0 -D JSMN_STATIC -Wall -ffunction-sections -ffat-lto-objects -Og -c Generated_Source\PSoC5\UART_LOG_PM.c -o .\CortexM3\ARM_GCC_541\Debug\UART_LOG_PM.o
arm-none-eabi-gcc.exe -mcpu=cortex-m3 -mthumb -I.\source\bsw -I.\source\asw -I.\source\bsw\labboard -I.\source\bsw\tft\fonts -I.\source\bsw\tft -I.\source\bsw\services -I.\source\bsw\msg -I. -IGenerated_Source\PSoC5 -Wa,-alh=.\CortexM3\ARM_GCC_541\Debug/UART_LOG_INT.lst -g -D DEBUG -D CY_CORE_ID=0 -D JSMN_STATIC -Wall -ffunction-sections -ffat-lto-objects -Og -c Generated_Source\PSoC5\UART_LOG_INT.c -o .\CortexM3\ARM_GCC_541\Debug\UART_LOG_INT.o
arm-none-eabi-gcc.exe -mcpu=cortex-m3 -mthumb -I.\source\bsw -I.\source\asw -I.\source\bsw\labboard -I.\source\bsw\tft\fonts -I.\source\bsw\tft -I.\source\bsw\services -I.\source\bsw\msg -I. -IGenerated_Source\PSoC5 -Wa,-alh=.\CortexM3\ARM_GCC_541\Debug/UART_LOG_BOOT.lst -g -D DEBUG -D CY_CORE_ID=0 -D JSMN_STATIC -Wall -ffunction-sections -ffat-lto-objects -Og -c Generated_Source\PSoC5\UART_LOG_BOOT.c -o .\CortexM3\ARM_GCC_541\Debug\UART_LOG_BOOT.o
arm-none-eabi-gcc.exe -mcpu=cortex-m3 -mthumb -I.\source\bsw -I.\source\asw -I.\source\bsw\labboard -I.\source\bsw\tft\fonts -I.\source\bsw\tft -I.\source\bsw\services -I.\source\bsw\msg -I. -IGenerated_Source\PSoC5 -Wa,-alh=.\CortexM3\ARM_GCC_541\Debug/RGB_PWM_green.lst -g -D DEBUG -D CY_CORE_ID=0 -D JSMN_STATIC -Wall -ffunction-sections -ffat-lto-objects -Og -c Generated_Source\PSoC5\RGB_PWM_green.c -o .\CortexM3\ARM_GCC_541\Debug\RGB_PWM_green.o
arm-none-eabi-gcc.exe -mcpu=cortex-m3 -mthumb -I.\source\bsw -I.\source\asw -I.\source\bsw\labboard -I.\source\bsw\tft\fonts -I.\source\bsw\tft -I.\source\bsw\services -I.\source\bsw\msg -I. -IGenerated_Source\PSoC5 -Wa,-alh=.\CortexM3\ARM_GCC_541\Debug/RGB_PWM_green_PM.lst -g -D DEBUG -D CY_CORE_ID=0 -D JSMN_STATIC -Wall -ffunction-sections -ffat-lto-objects -Og -c Generated_Source\PSoC5\RGB_PWM_green_PM.c -o .\CortexM3\ARM_GCC_541\Debug\RGB_PWM_green_PM.o
arm-none-eabi-gcc.exe -mcpu=cortex-m3 -mthumb -I.\source\bsw -I.\source\asw -I.\source\bsw\labboard -I.\source\bsw\tft\fonts -I.\source\bsw\tft -I.\source\bsw\services -I.\source\bsw\msg -I. -IGenerated_Source\PSoC5 -Wa,-alh=.\CortexM3\ARM_GCC_541\Debug/RGB_PWM_blue.lst -g -D DEBUG -D CY_CORE_ID=0 -D JSMN_STATIC -Wall -ffunction-sections -ffat-lto-objects -Og -c Generated_Source\PSoC5\RGB_PWM_blue.c -o .\CortexM3\ARM_GCC_541\Debug\RGB_PWM_blue.o
arm-none-eabi-gcc.exe -mcpu=cortex-m3 -mthumb -I.\source\bsw -I.\source\asw -I.\source\bsw\labboard -I.\source\bsw\tft\fonts -I.\source\bsw\tft -I.\source\bsw\services -I.\source\bsw\msg -I. -IGenerated_Source\PSoC5 -Wa,-alh=.\CortexM3\ARM_GCC_541\Debug/RGB_PWM_blue_PM.lst -g -D DEBUG -D CY_CORE_ID=0 -D JSMN_STATIC -Wall -ffunction-sections -ffat-lto-objects -Og -c Generated_Source\PSoC5\RGB_PWM_blue_PM.c -o .\CortexM3\ARM_GCC_541\Debug\RGB_PWM_blue_PM.o
arm-none-eabi-gcc.exe -mcpu=cortex-m3 -mthumb -I.\source\bsw -I.\source\asw -I.\source\bsw\labboard -I.\source\bsw\tft\fonts -I.\source\bsw\tft -I.\source\bsw\services -I.\source\bsw\msg -I. -IGenerated_Source\PSoC5 -Wa,-alh=.\CortexM3\ARM_GCC_541\Debug/RGB_PWM_red.lst -g -D DEBUG -D CY_CORE_ID=0 -D JSMN_STATIC -Wall -ffunction-sections -ffat-lto-objects -Og -c Generated_Source\PSoC5\RGB_PWM_red.c -o .\CortexM3\ARM_GCC_541\Debug\RGB_PWM_red.o
arm-none-eabi-gcc.exe -mcpu=cortex-m3 -mthumb -I.\source\bsw -I.\source\asw -I.\source\bsw\labboard -I.\source\bsw\tft\fonts -I.\source\bsw\tft -I.\source\bsw\services -I.\source\bsw\msg -I. -IGenerated_Source\PSoC5 -Wa,-alh=.\CortexM3\ARM_GCC_541\Debug/RGB_PWM_red_PM.lst -g -D DEBUG -D CY_CORE_ID=0 -D JSMN_STATIC -Wall -ffunction-sections -ffat-lto-objects -Og -c Generated_Source\PSoC5\RGB_PWM_red_PM.c -o .\CortexM3\ARM_GCC_541\Debug\RGB_PWM_red_PM.o
arm-none-eabi-gcc.exe -mcpu=cortex-m3 -mthumb -I.\source\bsw -I.\source\asw -I.\source\bsw\labboard -I.\source\bsw\tft\fonts -I.\source\bsw\tft -I.\source\bsw\services -I.\source\bsw\msg -I. -IGenerated_Source\PSoC5 -Wa,-alh=.\CortexM3\ARM_GCC_541\Debug/LED_GREEN.lst -g -D DEBUG -D CY_CORE_ID=0 -D JSMN_STATIC -Wall -ffunction-sections -ffat-lto-objects -Og -c Generated_Source\PSoC5\LED_GREEN.c -o .\CortexM3\ARM_GCC_541\Debug\LED_GREEN.o
arm-none-eabi-gcc.exe -mcpu=cortex-m3 -mthumb -I.\source\bsw -I.\source\asw -I.\source\bsw\labboard -I.\source\bsw\tft\fonts -I.\source\bsw\tft -I.\source\bsw\services -I.\source\bsw\msg -I. -IGenerated_Source\PSoC5 -Wa,-alh=.\CortexM3\ARM_GCC_541\Debug/LED_YELLOW.lst -g -D DEBUG -D CY_CORE_ID=0 -D JSMN_STATIC -Wall -ffunction-sections -ffat-lto-objects -Og -c Generated_Source\PSoC5\LED_YELLOW.c -o .\CortexM3\ARM_GCC_541\Debug\LED_YELLOW.o
arm-none-eabi-gcc.exe -mcpu=cortex-m3 -mthumb -I.\source\bsw -I.\source\asw -I.\source\bsw\labboard -I.\source\bsw\tft\fonts -I.\source\bsw\tft -I.\source\bsw\services -I.\source\bsw\msg -I. -IGenerated_Source\PSoC5 -Wa,-alh=.\CortexM3\ARM_GCC_541\Debug/LED_RED.lst -g -D DEBUG -D CY_CORE_ID=0 -D JSMN_STATIC -Wall -ffunction-sections -ffat-lto-objects -Og -c Generated_Source\PSoC5\LED_RED.c -o .\CortexM3\ARM_GCC_541\Debug\LED_RED.o
arm-none-eabi-gcc.exe -mcpu=cortex-m3 -mthumb -I.\source\bsw -I.\source\asw -I.\source\bsw\labboard -I.\source\bsw\tft\fonts -I.\source\bsw\tft -I.\source\bsw\services -I.\source\bsw\msg -I. -IGenerated_Source\PSoC5 -Wa,-alh=.\CortexM3\ARM_GCC_541\Debug/PWM_green.lst -g -D DEBUG -D CY_CORE_ID=0 -D JSMN_STATIC -Wall -ffunction-sections -ffat-lto-objects -Og -c Generated_Source\PSoC5\PWM_green.c -o .\CortexM3\ARM_GCC_541\Debug\PWM_green.o
arm-none-eabi-gcc.exe -mcpu=cortex-m3 -mthumb -I.\source\bsw -I.\source\asw -I.\source\bsw\labboard -I.\source\bsw\tft\fonts -I.\source\bsw\tft -I.\source\bsw\services -I.\source\bsw\msg -I. -IGenerated_Source\PSoC5 -Wa,-alh=.\CortexM3\ARM_GCC_541\Debug/PWM_green_PM.lst -g -D DEBUG -D CY_CORE_ID=0 -D JSMN_STATIC -Wall -ffunction-sections -ffat-lto-objects -Og -c Generated_Source\PSoC5\PWM_green_PM.c -o .\CortexM3\ARM_GCC_541\Debug\PWM_green_PM.o
arm-none-eabi-gcc.exe -mcpu=cortex-m3 -mthumb -I.\source\bsw -I.\source\asw -I.\source\bsw\labboard -I.\source\bsw\tft\fonts -I.\source\bsw\tft -I.\source\bsw\services -I.\source\bsw\msg -I. -IGenerated_Source\PSoC5 -Wa,-alh=.\CortexM3\ARM_GCC_541\Debug/PWM_red.lst -g -D DEBUG -D CY_CORE_ID=0 -D JSMN_STATIC -Wall -ffunction-sections -ffat-lto-objects -Og -c Generated_Source\PSoC5\PWM_red.c -o .\CortexM3\ARM_GCC_541\Debug\PWM_red.o
arm-none-eabi-gcc.exe -mcpu=cortex-m3 -mthumb -I.\source\bsw -I.\source\asw -I.\source\bsw\labboard -I.\source\bsw\tft\fonts -I.\source\bsw\tft -I.\source\bsw\services -I.\source\bsw\msg -I. -IGenerated_Source\PSoC5 -Wa,-alh=.\CortexM3\ARM_GCC_541\Debug/PWM_red_PM.lst -g -D DEBUG -D CY_CORE_ID=0 -D JSMN_STATIC -Wall -ffunction-sections -ffat-lto-objects -Og -c Generated_Source\PSoC5\PWM_red_PM.c -o .\CortexM3\ARM_GCC_541\Debug\PWM_red_PM.o
arm-none-eabi-gcc.exe -mcpu=cortex-m3 -mthumb -I.\source\bsw -I.\source\asw -I.\source\bsw\labboard -I.\source\bsw\tft\fonts -I.\source\bsw\tft -I.\source\bsw\services -I.\source\bsw\msg -I. -IGenerated_Source\PSoC5 -Wa,-alh=.\CortexM3\ARM_GCC_541\Debug/PWM_yellow.lst -g -D DEBUG -D CY_CORE_ID=0 -D JSMN_STATIC -Wall -ffunction-sections -ffat-lto-objects -Og -c Generated_Source\PSoC5\PWM_yellow.c -o .\CortexM3\ARM_GCC_541\Debug\PWM_yellow.o
arm-none-eabi-gcc.exe -mcpu=cortex-m3 -mthumb -I.\source\bsw -I.\source\asw -I.\source\bsw\labboard -I.\source\bsw\tft\fonts -I.\source\bsw\tft -I.\source\bsw\services -I.\source\bsw\msg -I. -IGenerated_Source\PSoC5 -Wa,-alh=.\CortexM3\ARM_GCC_541\Debug/PWM_yellow_PM.lst -g -D DEBUG -D CY_CORE_ID=0 -D JSMN_STATIC -Wall -ffunction-sections -ffat-lto-objects -Og -c Generated_Source\PSoC5\PWM_yellow_PM.c -o .\CortexM3\ARM_GCC_541\Debug\PWM_yellow_PM.o
arm-none-eabi-gcc.exe -mcpu=cortex-m3 -mthumb -I.\source\bsw -I.\source\asw -I.\source\bsw\labboard -I.\source\bsw\tft\fonts -I.\source\bsw\tft -I.\source\bsw\services -I.\source\bsw\msg -I. -IGenerated_Source\PSoC5 -Wa,-alh=.\CortexM3\ARM_GCC_541\Debug/UART_LOG_IntClock.lst -g -D DEBUG -D CY_CORE_ID=0 -D JSMN_STATIC -Wall -ffunction-sections -ffat-lto-objects -Og -c Generated_Source\PSoC5\UART_LOG_IntClock.c -o .\CortexM3\ARM_GCC_541\Debug\UART_LOG_IntClock.o
arm-none-eabi-gcc.exe -mcpu=cortex-m3 -mthumb -I.\source\bsw -I.\source\asw -I.\source\bsw\labboard -I.\source\bsw\tft\fonts -I.\source\bsw\tft -I.\source\bsw\services -I.\source\bsw\msg -I. -IGenerated_Source\PSoC5 -Wa,-alh=.\CortexM3\ARM_GCC_541\Debug/Cm3Start.lst -g -D DEBUG -D CY_CORE_ID=0 -D JSMN_STATIC -Wall -ffunction-sections -ffat-lto-objects -Og -c Generated_Source\PSoC5\Cm3Start.c -o .\CortexM3\ARM_GCC_541\Debug\Cm3Start.o
arm-none-eabi-gcc.exe -mcpu=cortex-m3 -mthumb -I.\source\bsw -I.\source\asw -I.\source\bsw\labboard -I.\source\bsw\tft\fonts -I.\source\bsw\tft -I.\source\bsw\services -I.\source\bsw\msg -I. -IGenerated_Source\PSoC5 -Wa,-alh=.\CortexM3\ARM_GCC_541\Debug/CyDmac.lst -g -D DEBUG -D CY_CORE_ID=0 -D JSMN_STATIC -Wall -ffunction-sections -ffat-lto-objects -Og -c Generated_Source\PSoC5\CyDmac.c -o .\CortexM3\ARM_GCC_541\Debug\CyDmac.o
arm-none-eabi-gcc.exe -mcpu=cortex-m3 -mthumb -I.\source\bsw -I.\source\asw -I.\source\bsw\labboard -I.\source\bsw\tft\fonts -I.\source\bsw\tft -I.\source\bsw\services -I.\source\bsw\msg -I. -IGenerated_Source\PSoC5 -Wa,-alh=.\CortexM3\ARM_GCC_541\Debug/CyFlash.lst -g -D DEBUG -D CY_CORE_ID=0 -D JSMN_STATIC -Wall -ffunction-sections -ffat-lto-objects -Og -c Generated_Source\PSoC5\CyFlash.c -o .\CortexM3\ARM_GCC_541\Debug\CyFlash.o
arm-none-eabi-gcc.exe -mcpu=cortex-m3 -mthumb -I.\source\bsw -I.\source\asw -I.\source\bsw\labboard -I.\source\bsw\tft\fonts -I.\source\bsw\tft -I.\source\bsw\services -I.\source\bsw\msg -I. -IGenerated_Source\PSoC5 -Wa,-alh=.\CortexM3\ARM_GCC_541\Debug/CyLib.lst -g -D DEBUG -D CY_CORE_ID=0 -D JSMN_STATIC -Wall -ffunction-sections -ffat-lto-objects -Og -c Generated_Source\PSoC5\CyLib.c -o .\CortexM3\ARM_GCC_541\Debug\CyLib.o
arm-none-eabi-gcc.exe -mcpu=cortex-m3 -mthumb -I.\source\bsw -I.\source\asw -I.\source\bsw\labboard -I.\source\bsw\tft\fonts -I.\source\bsw\tft -I.\source\bsw\services -I.\source\bsw\msg -I. -IGenerated_Source\PSoC5 -Wa,-alh=.\CortexM3\ARM_GCC_541\Debug/cyPm.lst -g -D DEBUG -D CY_CORE_ID=0 -D JSMN_STATIC -Wall -ffunction-sections -ffat-lto-objects -Og -c Generated_Source\PSoC5\cyPm.c -o .\CortexM3\ARM_GCC_541\Debug\cyPm.o
arm-none-eabi-gcc.exe -mcpu=cortex-m3 -mthumb -I.\source\bsw -I.\source\asw -I.\source\bsw\labboard -I.\source\bsw\tft\fonts -I.\source\bsw\tft -I.\source\bsw\services -I.\source\bsw\msg -I. -IGenerated_Source\PSoC5 -Wa,-alh=.\CortexM3\ARM_GCC_541\Debug/CySpc.lst -g -D DEBUG -D CY_CORE_ID=0 -D JSMN_STATIC -Wall -ffunction-sections -ffat-lto-objects -Og -c Generated_Source\PSoC5\CySpc.c -o .\CortexM3\ARM_GCC_541\Debug\CySpc.o
arm-none-eabi-gcc.exe -mcpu=cortex-m3 -mthumb -I.\source\bsw -I.\source\asw -I.\source\bsw\labboard -I.\source\bsw\tft\fonts -I.\source\bsw\tft -I.\source\bsw\services -I.\source\bsw\msg -I. -IGenerated_Source\PSoC5 -Wa,-alh=.\CortexM3\ARM_GCC_541\Debug/cyutils.lst -g -D DEBUG -D CY_CORE_ID=0 -D JSMN_STATIC -Wall -ffunction-sections -ffat-lto-objects -Og -c Generated_Source\PSoC5\cyutils.c -o .\CortexM3\ARM_GCC_541\Debug\cyutils.o
arm-none-eabi-gcc.exe -mcpu=cortex-m3 -mthumb -I.\source\bsw -I.\source\asw -I.\source\bsw\labboard -I.\source\bsw\tft\fonts -I.\source\bsw\tft -I.\source\bsw\services -I.\source\bsw\msg -I. -IGenerated_Source\PSoC5 -Wa,-alh=.\CortexM3\ARM_GCC_541\Debug/cy_em_eeprom.lst -g -D DEBUG -D CY_CORE_ID=0 -D JSMN_STATIC -Wall -ffunction-sections -ffat-lto-objects -Og -c Generated_Source\PSoC5\cy_em_eeprom.c -o .\CortexM3\ARM_GCC_541\Debug\cy_em_eeprom.o
arm-none-eabi-gcc.exe -mcpu=cortex-m3 -mthumb -I.\source\bsw -I.\source\asw -I.\source\bsw\labboard -I.\source\bsw\tft\fonts -I.\source\bsw\tft -I.\source\bsw\services -I.\source\bsw\msg -I. -IGenerated_Source\PSoC5 -Wa,-alh=.\CortexM3\ARM_GCC_541\Debug/TFT_SPI.lst -g -D DEBUG -D CY_CORE_ID=0 -D JSMN_STATIC -Wall -ffunction-sections -ffat-lto-objects -Og -c Generated_Source\PSoC5\TFT_SPI.c -o .\CortexM3\ARM_GCC_541\Debug\TFT_SPI.o
arm-none-eabi-gcc.exe -mcpu=cortex-m3 -mthumb -I.\source\bsw -I.\source\asw -I.\source\bsw\labboard -I.\source\bsw\tft\fonts -I.\source\bsw\tft -I.\source\bsw\services -I.\source\bsw\msg -I. -IGenerated_Source\PSoC5 -Wa,-alh=.\CortexM3\ARM_GCC_541\Debug/TFT_SPI_PM.lst -g -D DEBUG -D CY_CORE_ID=0 -D JSMN_STATIC -Wall -ffunction-sections -ffat-lto-objects -Og -c Generated_Source\PSoC5\TFT_SPI_PM.c -o .\CortexM3\ARM_GCC_541\Debug\TFT_SPI_PM.o
arm-none-eabi-gcc.exe -mcpu=cortex-m3 -mthumb -I.\source\bsw -I.\source\asw -I.\source\bsw\labboard -I.\source\bsw\tft\fonts -I.\source\bsw\tft -I.\source\bsw\services -I.\source\bsw\msg -I. -IGenerated_Source\PSoC5 -Wa,-alh=.\CortexM3\ARM_GCC_541\Debug/TFT_SPI_INT.lst -g -D DEBUG -D CY_CORE_ID=0 -D JSMN_STATIC -Wall -ffunction-sections -ffat-lto-objects -Og -c Generated_Source\PSoC5\TFT_SPI_INT.c -o .\CortexM3\ARM_GCC_541\Debug\TFT_SPI_INT.o
arm-none-eabi-gcc.exe -mcpu=cortex-m3 -mthumb -I.\source\bsw -I.\source\asw -I.\source\bsw\labboard -I.\source\bsw\tft\fonts -I.\source\bsw\tft -I.\source\bsw\services -I.\source\bsw\msg -I. -IGenerated_Source\PSoC5 -Wa,-alh=.\CortexM3\ARM_GCC_541\Debug/TFT_CS.lst -g -D DEBUG -D CY_CORE_ID=0 -D JSMN_STATIC -Wall -ffunction-sections -ffat-lto-objects -Og -c Generated_Source\PSoC5\TFT_CS.c -o .\CortexM3\ARM_GCC_541\Debug\TFT_CS.o
arm-none-eabi-gcc.exe -mcpu=cortex-m3 -mthumb -I.\source\bsw -I.\source\asw -I.\source\bsw\labboard -I.\source\bsw\tft\fonts -I.\source\bsw\tft -I.\source\bsw\services -I.\source\bsw\msg -I. -IGenerated_Source\PSoC5 -Wa,-alh=.\CortexM3\ARM_GCC_541\Debug/TFT_DC.lst -g -D DEBUG -D CY_CORE_ID=0 -D JSMN_STATIC -Wall -ffunction-sections -ffat-lto-objects -Og -c Generated_Source\PSoC5\TFT_DC.c -o .\CortexM3\ARM_GCC_541\Debug\TFT_DC.o
arm-none-eabi-gcc.exe -mcpu=cortex-m3 -mthumb -I.\source\bsw -I.\source\asw -I.\source\bsw\labboard -I.\source\bsw\tft\fonts -I.\source\bsw\tft -I.\source\bsw\services -I.\source\bsw\msg -I. -IGenerated_Source\PSoC5 -Wa,-alh=.\CortexM3\ARM_GCC_541\Debug/TFT_RES.lst -g -D DEBUG -D CY_CORE_ID=0 -D JSMN_STATIC -Wall -ffunction-sections -ffat-lto-objects -Og -c Generated_Source\PSoC5\TFT_RES.c -o .\CortexM3\ARM_GCC_541\Debug\TFT_RES.o
arm-none-eabi-gcc.exe -mcpu=cortex-m3 -mthumb -I.\source\bsw -I.\source\asw -I.\source\bsw\labboard -I.\source\bsw\tft\fonts -I.\source\bsw\tft -I.\source\bsw\services -I.\source\bsw\msg -I. -IGenerated_Source\PSoC5 -Wa,-alh=.\CortexM3\ARM_GCC_541\Debug/Clock_1.lst -g -D DEBUG -D CY_CORE_ID=0 -D JSMN_STATIC -Wall -ffunction-sections -ffat-lto-objects -Og -c Generated_Source\PSoC5\Clock_1.c -o .\CortexM3\ARM_GCC_541\Debug\Clock_1.o
arm-none-eabi-gcc.exe -mcpu=cortex-m3 -mthumb -I.\source\bsw -I.\source\asw -I.\source\bsw\labboard -I.\source\bsw\tft\fonts -I.\source\bsw\tft -I.\source\bsw\services -I.\source\bsw\msg -I. -IGenerated_Source\PSoC5 -Wa,-alh=.\CortexM3\ARM_GCC_541\Debug/TFT_BackLight.lst -g -D DEBUG -D CY_CORE_ID=0 -D JSMN_STATIC -Wall -ffunction-sections -ffat-lto-objects -Og -c Generated_Source\PSoC5\TFT_BackLight.c -o .\CortexM3\ARM_GCC_541\Debug\TFT_BackLight.o
arm-none-eabi-gcc.exe -mcpu=cortex-m3 -mthumb -I.\source\bsw -I.\source\asw -I.\source\bsw\labboard -I.\source\bsw\tft\fonts -I.\source\bsw\tft -I.\source\bsw\services -I.\source\bsw\msg -I. -IGenerated_Source\PSoC5 -Wa,-alh=.\CortexM3\ARM_GCC_541\Debug/TFT_BackLight_PM.lst -g -D DEBUG -D CY_CORE_ID=0 -D JSMN_STATIC -Wall -ffunction-sections -ffat-lto-objects -Og -c Generated_Source\PSoC5\TFT_BackLight_PM.c -o .\CortexM3\ARM_GCC_541\Debug\TFT_BackLight_PM.o
arm-none-eabi-gcc.exe -mcpu=cortex-m3 -mthumb -I.\source\bsw -I.\source\asw -I.\source\bsw\labboard -I.\source\bsw\tft\fonts -I.\source\bsw\tft -I.\source\bsw\services -I.\source\bsw\msg -I. -IGenerated_Source\PSoC5 -Wa,-alh=.\CortexM3\ARM_GCC_541\Debug/wTFT_SDA.lst -g -D DEBUG -D CY_CORE_ID=0 -D JSMN_STATIC -Wall -ffunction-sections -ffat-lto-objects -Og -c Generated_Source\PSoC5\wTFT_SDA.c -o .\CortexM3\ARM_GCC_541\Debug\wTFT_SDA.o
arm-none-eabi-gcc.exe -mcpu=cortex-m3 -mthumb -I.\source\bsw -I.\source\asw -I.\source\bsw\labboard -I.\source\bsw\tft\fonts -I.\source\bsw\tft -I.\source\bsw\services -I.\source\bsw\msg -I. -IGenerated_Source\PSoC5 -Wa,-alh=.\CortexM3\ARM_GCC_541\Debug/wTFT_SCL.lst -g -D DEBUG -D CY_CORE_ID=0 -D JSMN_STATIC -Wall -ffunction-sections -ffat-lto-objects -Og -c Generated_Source\PSoC5\wTFT_SCL.c -o .\CortexM3\ARM_GCC_541\Debug\wTFT_SCL.o
arm-none-eabi-gcc.exe -mcpu=cortex-m3 -mthumb -I.\source\bsw -I.\source\asw -I.\source\bsw\labboard -I.\source\bsw\tft\fonts -I.\source\bsw\tft -I.\source\bsw\services -I.\source\bsw\msg -I. -IGenerated_Source\PSoC5 -Wa,-alh=.\CortexM3\ARM_GCC_541\Debug/wTFT_LED.lst -g -D DEBUG -D CY_CORE_ID=0 -D JSMN_STATIC -Wall -ffunction-sections -ffat-lto-objects -Og -c Generated_Source\PSoC5\wTFT_LED.c -o .\CortexM3\ARM_GCC_541\Debug\wTFT_LED.o
arm-none-eabi-gcc.exe -mcpu=cortex-m3 -mthumb -I.\source\bsw -I.\source\asw -I.\source\bsw\labboard -I.\source\bsw\tft\fonts -I.\source\bsw\tft -I.\source\bsw\services -I.\source\bsw\msg -I. -IGenerated_Source\PSoC5 -Wa,-alh=.\CortexM3\ARM_GCC_541\Debug/isr_uartRx.lst -g -D DEBUG -D CY_CORE_ID=0 -D JSMN_STATIC -Wall -ffunction-sections -ffat-lto-objects -Og -c Generated_Source\PSoC5\isr_uartRx.c -o .\CortexM3\ARM_GCC_541\Debug\isr_uartRx.o
arm-none-eabi-as.exe -mcpu=cortex-m3 -mthumb -I. -IGenerated_Source\PSoC5 -alh=.\CortexM3\ARM_GCC_541\Debug/CyBootAsmGnu.lst -g -W -o .\CortexM3\ARM_GCC_541\Debug\CyBootAsmGnu.o Generated_Source\PSoC5\CyBootAsmGnu.s
arm-none-eabi-ar.exe -rs .\CortexM3\ARM_GCC_541\Debug\AMA_EOS_Lab_3.a .\CortexM3\ARM_GCC_541\Debug\RGB_B.o .\CortexM3\ARM_GCC_541\Debug\SEVEN_Reg.o .\CortexM3\ARM_GCC_541\Debug\SEVEN_Reg_PM.o .\CortexM3\ARM_GCC_541\Debug\SEVEN_DP.o .\CortexM3\ARM_GCC_541\Debug\SEVEN_G.o .\CortexM3\ARM_GCC_541\Debug\SEVEN_F.o .\CortexM3\ARM_GCC_541\Debug\SEVEN_E.o .\CortexM3\ARM_GCC_541\Debug\SEVEN_D.o .\CortexM3\ARM_GCC_541\Debug\SEVEN_C.o .\CortexM3\ARM_GCC_541\Debug\SEVEN_B.o .\CortexM3\ARM_GCC_541\Debug\SEVEN_A.o .\CortexM3\ARM_GCC_541\Debug\SEVEN_SELECT.o .\CortexM3\ARM_GCC_541\Debug\BUTTON_1.o .\CortexM3\ARM_GCC_541\Debug\BUTTON_2.o .\CortexM3\ARM_GCC_541\Debug\BUTTON_4.o .\CortexM3\ARM_GCC_541\Debug\BUTTON_3.o .\CortexM3\ARM_GCC_541\Debug\isr_Button_Pressed.o .\CortexM3\ARM_GCC_541\Debug\PWM_Clock.o .\CortexM3\ARM_GCC_541\Debug\RGB_R.o .\CortexM3\ARM_GCC_541\Debug\RGB_G.o .\CortexM3\ARM_GCC_541\Debug\UART_LOG.o .\CortexM3\ARM_GCC_541\Debug\UART_LOG_PM.o .\CortexM3\ARM_GCC_541\Debug\UART_LOG_INT.o .\CortexM3\ARM_GCC_541\Debug\UART_LOG_BOOT.o .\CortexM3\ARM_GCC_541\Debug\RGB_PWM_green.o .\CortexM3\ARM_GCC_541\Debug\RGB_PWM_green_PM.o .\CortexM3\ARM_GCC_541\Debug\RGB_PWM_blue.o .\CortexM3\ARM_GCC_541\Debug\RGB_PWM_blue_PM.o .\CortexM3\ARM_GCC_541\Debug\RGB_PWM_red.o .\CortexM3\ARM_GCC_541\Debug\RGB_PWM_red_PM.o .\CortexM3\ARM_GCC_541\Debug\LED_GREEN.o .\CortexM3\ARM_GCC_541\Debug\LED_YELLOW.o .\CortexM3\ARM_GCC_541\Debug\LED_RED.o .\CortexM3\ARM_GCC_541\Debug\PWM_green.o .\CortexM3\ARM_GCC_541\Debug\PWM_green_PM.o .\CortexM3\ARM_GCC_541\Debug\PWM_red.o .\CortexM3\ARM_GCC_541\Debug\PWM_red_PM.o .\CortexM3\ARM_GCC_541\Debug\PWM_yellow.o .\CortexM3\ARM_GCC_541\Debug\PWM_yellow_PM.o .\CortexM3\ARM_GCC_541\Debug\UART_LOG_IntClock.o .\CortexM3\ARM_GCC_541\Debug\CyDmac.o .\CortexM3\ARM_GCC_541\Debug\CyFlash.o .\CortexM3\ARM_GCC_541\Debug\CyLib.o .\CortexM3\ARM_GCC_541\Debug\cyPm.o .\CortexM3\ARM_GCC_541\Debug\CySpc.o .\CortexM3\ARM_GCC_541\Debug\cyutils.o .\CortexM3\ARM_GCC_541\Debug\cy_em_eeprom.o .\CortexM3\ARM_GCC_541\Debug\TFT_SPI.o .\CortexM3\ARM_GCC_541\Debug\TFT_SPI_PM.o .\CortexM3\ARM_GCC_541\Debug\TFT_SPI_INT.o .\CortexM3\ARM_GCC_541\Debug\TFT_CS.o .\CortexM3\ARM_GCC_541\Debug\TFT_DC.o .\CortexM3\ARM_GCC_541\Debug\TFT_RES.o .\CortexM3\ARM_GCC_541\Debug\Clock_1.o .\CortexM3\ARM_GCC_541\Debug\TFT_BackLight.o .\CortexM3\ARM_GCC_541\Debug\TFT_BackLight_PM.o .\CortexM3\ARM_GCC_541\Debug\wTFT_SDA.o .\CortexM3\ARM_GCC_541\Debug\wTFT_SCL.o .\CortexM3\ARM_GCC_541\Debug\wTFT_LED.o .\CortexM3\ARM_GCC_541\Debug\isr_uartRx.o .\CortexM3\ARM_GCC_541\Debug\CyBootAsmGnu.o
arm-none-eabi-ar.exe: creating .\CortexM3\ARM_GCC_541\Debug\AMA_EOS_Lab_3.a
arm-none-eabi-gcc.exe -Wl,--start-group -o D:\AMA_EOS\Lab_Assignments\Assignment03\AMA_EOS_Lab_3\AMA_EOS_Lab_3.cydsn\CortexM3\ARM_GCC_541\Debug\AMA_EOS_Lab_3.elf .\CortexM3\ARM_GCC_541\Debug\main.o .\CortexM3\ARM_GCC_541\Debug\led.o .\CortexM3\ARM_GCC_541\Debug\seven.o .\CortexM3\ARM_GCC_541\Debug\button.o .\CortexM3\ARM_GCC_541\Debug\tft.o .\CortexM3\ARM_GCC_541\Debug\logging.o .\CortexM3\ARM_GCC_541\Debug\message.o .\CortexM3\ARM_GCC_541\Debug\parser.o .\CortexM3\ARM_GCC_541\Debug\drawer.o .\CortexM3\ARM_GCC_541\Debug\cyfitter_cfg.o .\CortexM3\ARM_GCC_541\Debug\cymetadata.o .\CortexM3\ARM_GCC_541\Debug\Cm3Start.o .\CortexM3\ARM_GCC_541\Debug\AMA_EOS_Lab_3.a "C:\Program Files (x86)\Cypress\PSoC Creator\4.4\PSoC Creator\psoc\content\cycomponentlibrary\CyComponentLibrary.cylib\CortexM3\ARM_GCC_541\Debug\CyComponentLibrary.a" -mcpu=cortex-m3 -mthumb -L Generated_Source\PSoC5 -Wl,-Map,.\CortexM3\ARM_GCC_541\Debug/AMA_EOS_Lab_3.map -T Generated_Source\PSoC5\cm3gcc.ld -specs=nano.specs -Wl,--gc-sections -g -ffunction-sections -Og -ffat-lto-objects -Wl,--end-group
cyelftool.exe -C D:\AMA_EOS\Lab_Assignments\Assignment03\AMA_EOS_Lab_3\AMA_EOS_Lab_3.cydsn\CortexM3\ARM_GCC_541\Debug\AMA_EOS_Lab_3.elf --flash_row_size 256 --flash_size 262144 --flash_offset 0x00000000
No ELF section .cychecksum found, creating one
Application checksum calculated and stored in ELF section .cychecksum
Checksum calculated and stored in ELF section .cymeta
cyelftool.exe -S D:\AMA_EOS\Lab_Assignments\Assignment03\AMA_EOS_Lab_3\AMA_EOS_Lab_3.cydsn\CortexM3\ARM_GCC_541\Debug\AMA_EOS_Lab_3.elf
Flash used: 1374 of 262144 bytes (0.5%).
SRAM used: 3657 of 65536 bytes (5.6%). Stack: 2048 bytes. Heap: 1280 bytes.
--------------- Rebuild Succeeded: 01/26/2026 00:22:40 ---------------
